<?xml version="1.0" encoding="UTF-8"?>
<!-- Generated by org.testng.reporters.JUnitReportReporter -->
<testsuite hostname="Raj_Singh" failures="0" tests="1" name="base.TestingPurpose" time="0.019" errors="0" timestamp="2024-03-24T21:55:10 IST" skipped="0">
  <testcase classname="base.TestingPurpose" name="testMethod" time="0.019"/>
</testsuite> <!-- base.TestingPurpose -->
